build/app/intermediates/manifest_merge_blame_file/debug/manifest-merger-blame-debug-report.txt
1<?xml version="1.0" encoding="utf-8"?>
2<manifest xmlns:android="http://schemas.android.com/apk/res/android"
3    package="cm.codingmindstemplate"
4    android:versionCode="1"
5    android:versionName="1.0.0" >
6
7    <uses-sdk
8        android:minSdkVersion="20"
9        android:targetSdkVersion="34" />
10    <!--
11         Flutter needs it to communicate with the running application
12         to allow setting breakpoints, to provide hot reload, etc.
13    -->
14    <uses-permission android:name="android.permission.INTERNET" />
14-->src\main\AndroidManifest.xml:4:5-66
14-->src\main\AndroidManifest.xml:4:22-64
15    <uses-permission android:name="android.permission.CAMERA" />
15-->src\main\AndroidManifest.xml:5:5-64
15-->src\main\AndroidManifest.xml:5:22-62
16    <uses-permission android:name="android.permission.RECORD_AUDIO" />
16-->src\main\AndroidManifest.xml:6:5-71
16-->src\main\AndroidManifest.xml:6:22-68
17    <uses-permission
17-->src\main\AndroidManifest.xml:8:5-80
18        android:name="android.permission.READ_EXTERNAL_STORAGE"
18-->src\main\AndroidManifest.xml:8:22-77
19        android:maxSdkVersion="32" />
19-->[:file_picker] AndroidManifest.xml:11:9-35
20    <uses-permission android:name="android.permission.WRITE_EXTERNAL_STORAGE" />
20-->src\main\AndroidManifest.xml:9:5-81
20-->src\main\AndroidManifest.xml:9:22-78
21
22    <queries>
22-->[:file_picker] AndroidManifest.xml:13:5-19:15
23        <intent>
23-->[:file_picker] AndroidManifest.xml:14:9-18:18
24            <action android:name="android.intent.action.GET_CONTENT" />
24-->[:file_picker] AndroidManifest.xml:15:13-72
24-->[:file_picker] AndroidManifest.xml:15:21-69
25
26            <data android:mimeType="*/*" />
26-->src\main\AndroidManifest.xml:54:17-101
27        </intent>
28        <!-- Needs to be explicitly declared on Android R+ -->
29        <package android:name="com.google.android.apps.maps" />
29-->[com.google.android.gms:play-services-maps:18.2.0] AndroidManifest.xml:33:9-64
29-->[com.google.android.gms:play-services-maps:18.2.0] AndroidManifest.xml:33:18-61
30    </queries>
31
32    <uses-permission android:name="android.permission.ACCESS_NETWORK_STATE" />
32-->[com.google.firebase:firebase-auth:22.3.1] AndroidManifest.xml:26:5-79
32-->[com.google.firebase:firebase-auth:22.3.1] AndroidManifest.xml:26:22-76
33
34    <uses-feature
34-->[com.google.android.gms:play-services-maps:18.2.0] AndroidManifest.xml:26:5-28:35
35        android:glEsVersion="0x00020000"
35-->[com.google.android.gms:play-services-maps:18.2.0] AndroidManifest.xml:27:9-41
36        android:required="true" />
36-->[com.google.android.gms:play-services-maps:18.2.0] AndroidManifest.xml:28:9-32
37
38    <uses-permission android:name="com.google.android.providers.gsf.permission.READ_GSERVICES" />
38-->[com.google.android.recaptcha:recaptcha:18.4.0] AndroidManifest.xml:9:5-98
38-->[com.google.android.recaptcha:recaptcha:18.4.0] AndroidManifest.xml:9:22-95
39
40    <permission
40-->[androidx.core:core:1.10.1] AndroidManifest.xml:22:5-24:47
41        android:name="cm.codingmindstemplate.DYNAMIC_RECEIVER_NOT_EXPORTED_PERMISSION"
41-->[androidx.core:core:1.10.1] AndroidManifest.xml:23:9-81
42        android:protectionLevel="signature" />
42-->[androidx.core:core:1.10.1] AndroidManifest.xml:24:9-44
43
44    <uses-permission android:name="cm.codingmindstemplate.DYNAMIC_RECEIVER_NOT_EXPORTED_PERMISSION" />
44-->[androidx.core:core:1.10.1] AndroidManifest.xml:26:5-97
44-->[androidx.core:core:1.10.1] AndroidManifest.xml:26:22-94
45
46    <application
46-->src\main\AndroidManifest.xml:11:5-67:19
47        android:name="androidx.multidex.MultiDexApplication"
48        android:appComponentFactory="androidx.core.app.CoreComponentFactory"
48-->[androidx.core:core:1.10.1] AndroidManifest.xml:28:18-86
49        android:debuggable="true"
50        android:icon="@mipmap/ic_launcher"
50-->src\main\AndroidManifest.xml:14:9-43
51        android:label="Coding Minds Template"
51-->src\main\AndroidManifest.xml:12:9-46
52        android:requestLegacyExternalStorage="true" >
52-->src\main\AndroidManifest.xml:15:9-52
53        <meta-data
53-->src\main\AndroidManifest.xml:16:9-17:70
54            android:name="com.google.android.geo.API_KEY"
54-->src\main\AndroidManifest.xml:16:20-65
55            android:value="AIzaSyBT_f7ze1ht6LxWU5XY5np8cviYtt4LdPU" />
55-->src\main\AndroidManifest.xml:17:13-68
56
57        <activity
57-->src\main\AndroidManifest.xml:19:9-57:20
58            android:name="cm.codingmindstemplate.MainActivity"
58-->src\main\AndroidManifest.xml:20:13-41
59            android:configChanges="orientation|keyboardHidden|keyboard|screenSize|smallestScreenSize|locale|layoutDirection|fontScale|screenLayout|density|uiMode"
59-->src\main\AndroidManifest.xml:24:13-163
60            android:exported="true"
60-->src\main\AndroidManifest.xml:21:13-36
61            android:hardwareAccelerated="true"
61-->src\main\AndroidManifest.xml:25:13-47
62            android:launchMode="singleTop"
62-->src\main\AndroidManifest.xml:22:13-43
63            android:theme="@style/LaunchTheme"
63-->src\main\AndroidManifest.xml:23:13-47
64            android:windowSoftInputMode="adjustResize" >
64-->src\main\AndroidManifest.xml:26:13-55
65
66            <!--
67                 Specifies an Android theme to apply to this Activity as soon as
68                 the Android process has started. This theme is visible to the user
69                 while the Flutter UI initializes. After that, this theme continues
70                 to determine the Window background behind the Flutter UI.
71            -->
72            <meta-data
72-->src\main\AndroidManifest.xml:31:13-34:17
73                android:name="io.flutter.embedding.android.NormalTheme"
73-->src\main\AndroidManifest.xml:32:15-70
74                android:resource="@style/NormalTheme" />
74-->src\main\AndroidManifest.xml:33:15-52
75            <!--
76                 Displays an Android View that continues showing the launch screen
77                 Drawable until Flutter paints its first frame, then this splash
78                 screen fades out. A splash screen is useful to avoid any visual
79                 gap between the end of Android's launch screen and the painting of
80                 Flutter's first frame.
81            -->
82            <meta-data
82-->src\main\AndroidManifest.xml:40:13-43:17
83                android:name="io.flutter.embedding.android.SplashScreenDrawable"
83-->src\main\AndroidManifest.xml:41:15-79
84                android:resource="@drawable/launch_background" />
84-->src\main\AndroidManifest.xml:42:15-61
85
86            <intent-filter>
86-->src\main\AndroidManifest.xml:44:13-47:29
87                <action android:name="android.intent.action.MAIN" />
87-->src\main\AndroidManifest.xml:45:17-68
87-->src\main\AndroidManifest.xml:45:25-66
88
89                <category android:name="android.intent.category.LAUNCHER" />
89-->src\main\AndroidManifest.xml:46:17-76
89-->src\main\AndroidManifest.xml:46:27-74
90            </intent-filter>
91            <!-- Deep linking -->
92            <meta-data
92-->src\main\AndroidManifest.xml:49:13-90
93                android:name="flutter_deeplinking_enabled"
93-->src\main\AndroidManifest.xml:49:24-66
94                android:value="true" />
94-->src\main\AndroidManifest.xml:49:67-87
95
96            <intent-filter android:autoVerify="true" >
96-->src\main\AndroidManifest.xml:50:13-55:29
96-->src\main\AndroidManifest.xml:50:28-53
97                <action android:name="android.intent.action.VIEW" />
97-->src\main\AndroidManifest.xml:51:17-69
97-->src\main\AndroidManifest.xml:51:25-66
98
99                <category android:name="android.intent.category.DEFAULT" />
99-->src\main\AndroidManifest.xml:52:17-76
99-->src\main\AndroidManifest.xml:52:27-73
100                <category android:name="android.intent.category.BROWSABLE" />
100-->src\main\AndroidManifest.xml:53:17-78
100-->src\main\AndroidManifest.xml:53:27-75
101
102                <data
102-->src\main\AndroidManifest.xml:54:17-101
103                    android:host="codingmindstemplate.com"
103-->src\main\AndroidManifest.xml:54:60-98
104                    android:scheme="codingmindstemplate" />
104-->src\main\AndroidManifest.xml:54:23-59
105            </intent-filter>
106        </activity>
107
108        <!--
109             Don't delete the meta-data below.
110             This is used by the Flutter tool to generate GeneratedPluginRegistrant.java
111        -->
112        <meta-data
112-->src\main\AndroidManifest.xml:61:9-63:33
113            android:name="flutterEmbedding"
113-->src\main\AndroidManifest.xml:62:13-44
114            android:value="2" />
114-->src\main\AndroidManifest.xml:63:13-30
115
116        <service
116-->[:firebase_performance] AndroidManifest.xml:12:9-16:19
117            android:name="com.google.firebase.components.ComponentDiscoveryService"
117-->[:firebase_performance] AndroidManifest.xml:12:18-89
118            android:directBootAware="true"
118-->[com.google.firebase:firebase-common:20.4.2] AndroidManifest.xml:32:13-43
119            android:exported="false" >
119-->[com.google.firebase:firebase-perf:20.5.1] AndroidManifest.xml:13:13-37
120            <meta-data
120-->[:firebase_performance] AndroidManifest.xml:13:13-15:85
121                android:name="com.google.firebase.components:io.flutter.plugins.firebase.performance.FlutterFirebaseAppRegistrar"
121-->[:firebase_performance] AndroidManifest.xml:14:17-130
122                android:value="com.google.firebase.components.ComponentRegistrar" />
122-->[:firebase_performance] AndroidManifest.xml:15:17-82
123            <meta-data
123-->[:cloud_firestore] AndroidManifest.xml:11:13-13:85
124                android:name="com.google.firebase.components:io.flutter.plugins.firebase.firestore.FlutterFirebaseFirestoreRegistrar"
124-->[:cloud_firestore] AndroidManifest.xml:12:17-134
125                android:value="com.google.firebase.components.ComponentRegistrar" />
125-->[:cloud_firestore] AndroidManifest.xml:13:17-82
126            <meta-data
126-->[:firebase_auth] AndroidManifest.xml:11:13-13:85
127                android:name="com.google.firebase.components:io.flutter.plugins.firebase.auth.FlutterFirebaseAuthRegistrar"
127-->[:firebase_auth] AndroidManifest.xml:12:17-124
128                android:value="com.google.firebase.components.ComponentRegistrar" />
128-->[:firebase_auth] AndroidManifest.xml:13:17-82
129            <meta-data
129-->[:firebase_storage] AndroidManifest.xml:11:13-13:85
130                android:name="com.google.firebase.components:io.flutter.plugins.firebase.storage.FlutterFirebaseAppRegistrar"
130-->[:firebase_storage] AndroidManifest.xml:12:17-126
131                android:value="com.google.firebase.components.ComponentRegistrar" />
131-->[:firebase_storage] AndroidManifest.xml:13:17-82
132            <meta-data
132-->[:firebase_core] AndroidManifest.xml:11:13-13:85
133                android:name="com.google.firebase.components:io.flutter.plugins.firebase.core.FlutterFirebaseCoreRegistrar"
133-->[:firebase_core] AndroidManifest.xml:12:17-124
134                android:value="com.google.firebase.components.ComponentRegistrar" />
134-->[:firebase_core] AndroidManifest.xml:13:17-82
135            <meta-data
135-->[com.google.firebase:firebase-perf:20.5.1] AndroidManifest.xml:14:13-16:85
136                android:name="com.google.firebase.components:com.google.firebase.perf.FirebasePerfKtxRegistrar"
136-->[com.google.firebase:firebase-perf:20.5.1] AndroidManifest.xml:15:17-112
137                android:value="com.google.firebase.components.ComponentRegistrar" />
137-->[com.google.firebase:firebase-perf:20.5.1] AndroidManifest.xml:16:17-82
138            <meta-data
138-->[com.google.firebase:firebase-perf:20.5.1] AndroidManifest.xml:17:13-19:85
139                android:name="com.google.firebase.components:com.google.firebase.perf.FirebasePerfRegistrar"
139-->[com.google.firebase:firebase-perf:20.5.1] AndroidManifest.xml:18:17-109
140                android:value="com.google.firebase.components.ComponentRegistrar" />
140-->[com.google.firebase:firebase-perf:20.5.1] AndroidManifest.xml:19:17-82
141            <meta-data
141-->[com.google.firebase:firebase-sessions:1.2.0] AndroidManifest.xml:29:13-31:85
142                android:name="com.google.firebase.components:com.google.firebase.sessions.FirebaseSessionsRegistrar"
142-->[com.google.firebase:firebase-sessions:1.2.0] AndroidManifest.xml:30:17-117
143                android:value="com.google.firebase.components.ComponentRegistrar" />
143-->[com.google.firebase:firebase-sessions:1.2.0] AndroidManifest.xml:31:17-82
144            <meta-data
144-->[com.google.firebase:firebase-auth:22.3.1] AndroidManifest.xml:69:13-71:85
145                android:name="com.google.firebase.components:com.google.firebase.auth.FirebaseAuthRegistrar"
145-->[com.google.firebase:firebase-auth:22.3.1] AndroidManifest.xml:70:17-109
146                android:value="com.google.firebase.components.ComponentRegistrar" />
146-->[com.google.firebase:firebase-auth:22.3.1] AndroidManifest.xml:71:17-82
147            <meta-data
147-->[com.google.firebase:firebase-firestore:24.10.1] AndroidManifest.xml:17:13-19:85
148                android:name="com.google.firebase.components:com.google.firebase.firestore.FirebaseFirestoreKtxRegistrar"
148-->[com.google.firebase:firebase-firestore:24.10.1] AndroidManifest.xml:18:17-122
149                android:value="com.google.firebase.components.ComponentRegistrar" />
149-->[com.google.firebase:firebase-firestore:24.10.1] AndroidManifest.xml:19:17-82
150            <meta-data
150-->[com.google.firebase:firebase-firestore:24.10.1] AndroidManifest.xml:20:13-22:85
151                android:name="com.google.firebase.components:com.google.firebase.firestore.FirestoreRegistrar"
151-->[com.google.firebase:firebase-firestore:24.10.1] AndroidManifest.xml:21:17-111
152                android:value="com.google.firebase.components.ComponentRegistrar" />
152-->[com.google.firebase:firebase-firestore:24.10.1] AndroidManifest.xml:22:17-82
153            <meta-data
153-->[com.google.firebase:firebase-storage:20.3.0] AndroidManifest.xml:30:13-32:85
154                android:name="com.google.firebase.components:com.google.firebase.storage.FirebaseStorageKtxRegistrar"
154-->[com.google.firebase:firebase-storage:20.3.0] AndroidManifest.xml:31:17-118
155                android:value="com.google.firebase.components.ComponentRegistrar" />
155-->[com.google.firebase:firebase-storage:20.3.0] AndroidManifest.xml:32:17-82
156            <meta-data
156-->[com.google.firebase:firebase-storage:20.3.0] AndroidManifest.xml:33:13-35:85
157                android:name="com.google.firebase.components:com.google.firebase.storage.StorageRegistrar"
157-->[com.google.firebase:firebase-storage:20.3.0] AndroidManifest.xml:34:17-107
158                android:value="com.google.firebase.components.ComponentRegistrar" />
158-->[com.google.firebase:firebase-storage:20.3.0] AndroidManifest.xml:35:17-82
159            <meta-data
159-->[com.google.firebase:firebase-config:21.6.0] AndroidManifest.xml:29:13-31:85
160                android:name="com.google.firebase.components:com.google.firebase.remoteconfig.FirebaseRemoteConfigKtxRegistrar"
160-->[com.google.firebase:firebase-config:21.6.0] AndroidManifest.xml:30:17-128
161                android:value="com.google.firebase.components.ComponentRegistrar" />
161-->[com.google.firebase:firebase-config:21.6.0] AndroidManifest.xml:31:17-82
162            <meta-data
162-->[com.google.firebase:firebase-config:21.6.0] AndroidManifest.xml:32:13-34:85
163                android:name="com.google.firebase.components:com.google.firebase.remoteconfig.RemoteConfigRegistrar"
163-->[com.google.firebase:firebase-config:21.6.0] AndroidManifest.xml:33:17-117
164                android:value="com.google.firebase.components.ComponentRegistrar" />
164-->[com.google.firebase:firebase-config:21.6.0] AndroidManifest.xml:34:17-82
165            <meta-data
165-->[com.google.firebase:firebase-installations:17.2.0] AndroidManifest.xml:15:13-17:85
166                android:name="com.google.firebase.components:com.google.firebase.installations.FirebaseInstallationsKtxRegistrar"
166-->[com.google.firebase:firebase-installations:17.2.0] AndroidManifest.xml:16:17-130
167                android:value="com.google.firebase.components.ComponentRegistrar" />
167-->[com.google.firebase:firebase-installations:17.2.0] AndroidManifest.xml:17:17-82
168            <meta-data
168-->[com.google.firebase:firebase-installations:17.2.0] AndroidManifest.xml:18:13-20:85
169                android:name="com.google.firebase.components:com.google.firebase.installations.FirebaseInstallationsRegistrar"
169-->[com.google.firebase:firebase-installations:17.2.0] AndroidManifest.xml:19:17-127
170                android:value="com.google.firebase.components.ComponentRegistrar" />
170-->[com.google.firebase:firebase-installations:17.2.0] AndroidManifest.xml:20:17-82
171            <meta-data
171-->[com.google.firebase:firebase-appcheck:17.1.1] AndroidManifest.xml:25:13-27:85
172                android:name="com.google.firebase.components:com.google.firebase.appcheck.FirebaseAppCheckKtxRegistrar"
172-->[com.google.firebase:firebase-appcheck:17.1.1] AndroidManifest.xml:26:17-120
173                android:value="com.google.firebase.components.ComponentRegistrar" />
173-->[com.google.firebase:firebase-appcheck:17.1.1] AndroidManifest.xml:27:17-82
174            <meta-data
174-->[com.google.firebase:firebase-appcheck:17.1.1] AndroidManifest.xml:28:13-30:85
175                android:name="com.google.firebase.components:com.google.firebase.appcheck.FirebaseAppCheckRegistrar"
175-->[com.google.firebase:firebase-appcheck:17.1.1] AndroidManifest.xml:29:17-117
176                android:value="com.google.firebase.components.ComponentRegistrar" />
176-->[com.google.firebase:firebase-appcheck:17.1.1] AndroidManifest.xml:30:17-82
177            <meta-data
177-->[com.google.firebase:firebase-common-ktx:20.4.2] AndroidManifest.xml:12:13-14:85
178                android:name="com.google.firebase.components:com.google.firebase.ktx.FirebaseCommonLegacyRegistrar"
178-->[com.google.firebase:firebase-common-ktx:20.4.2] AndroidManifest.xml:13:17-116
179                android:value="com.google.firebase.components.ComponentRegistrar" />
179-->[com.google.firebase:firebase-common-ktx:20.4.2] AndroidManifest.xml:14:17-82
180            <meta-data
180-->[com.google.firebase:firebase-datatransport:18.1.8] AndroidManifest.xml:27:13-29:85
181                android:name="com.google.firebase.components:com.google.firebase.datatransport.TransportRegistrar"
181-->[com.google.firebase:firebase-datatransport:18.1.8] AndroidManifest.xml:28:17-115
182                android:value="com.google.firebase.components.ComponentRegistrar" />
182-->[com.google.firebase:firebase-datatransport:18.1.8] AndroidManifest.xml:29:17-82
183            <meta-data
183-->[com.google.firebase:firebase-common:20.4.2] AndroidManifest.xml:35:13-37:85
184                android:name="com.google.firebase.components:com.google.firebase.FirebaseCommonKtxRegistrar"
184-->[com.google.firebase:firebase-common:20.4.2] AndroidManifest.xml:36:17-109
185                android:value="com.google.firebase.components.ComponentRegistrar" />
185-->[com.google.firebase:firebase-common:20.4.2] AndroidManifest.xml:37:17-82
186            <meta-data
186-->[com.google.firebase:firebase-abt:21.1.1] AndroidManifest.xml:12:13-14:85
187                android:name="com.google.firebase.components:com.google.firebase.abt.component.AbtRegistrar"
187-->[com.google.firebase:firebase-abt:21.1.1] AndroidManifest.xml:13:17-109
188                android:value="com.google.firebase.components.ComponentRegistrar" />
188-->[com.google.firebase:firebase-abt:21.1.1] AndroidManifest.xml:14:17-82
189        </service>
190
191        <provider
191-->[:image_picker_android] AndroidManifest.xml:10:9-18:20
192            android:name="io.flutter.plugins.imagepicker.ImagePickerFileProvider"
192-->[:image_picker_android] AndroidManifest.xml:11:13-82
193            android:authorities="cm.codingmindstemplate.flutter.image_provider"
193-->[:image_picker_android] AndroidManifest.xml:12:13-74
194            android:exported="false"
194-->[:image_picker_android] AndroidManifest.xml:13:13-37
195            android:grantUriPermissions="true" >
195-->[:image_picker_android] AndroidManifest.xml:14:13-47
196            <meta-data
196-->[:image_picker_android] AndroidManifest.xml:15:13-17:75
197                android:name="android.support.FILE_PROVIDER_PATHS"
197-->[:image_picker_android] AndroidManifest.xml:16:17-67
198                android:resource="@xml/flutter_image_picker_file_paths" />
198-->[:image_picker_android] AndroidManifest.xml:17:17-72
199        </provider>
200
201        <activity
201-->[:url_launcher_android] AndroidManifest.xml:10:9-13:74
202            android:name="io.flutter.plugins.urllauncher.WebViewActivity"
202-->[:url_launcher_android] AndroidManifest.xml:11:13-74
203            android:exported="false"
203-->[:url_launcher_android] AndroidManifest.xml:12:13-37
204            android:theme="@android:style/Theme.NoTitleBar.Fullscreen" />
204-->[:url_launcher_android] AndroidManifest.xml:13:13-71
205
206        <service
206-->[com.google.firebase:firebase-sessions:1.2.0] AndroidManifest.xml:22:9-25:40
207            android:name="com.google.firebase.sessions.SessionLifecycleService"
207-->[com.google.firebase:firebase-sessions:1.2.0] AndroidManifest.xml:23:13-80
208            android:enabled="true"
208-->[com.google.firebase:firebase-sessions:1.2.0] AndroidManifest.xml:24:13-35
209            android:exported="false" />
209-->[com.google.firebase:firebase-sessions:1.2.0] AndroidManifest.xml:25:13-37
210
211        <activity
211-->[com.google.firebase:firebase-auth:22.3.1] AndroidManifest.xml:29:9-46:20
212            android:name="com.google.firebase.auth.internal.GenericIdpActivity"
212-->[com.google.firebase:firebase-auth:22.3.1] AndroidManifest.xml:30:13-80
213            android:excludeFromRecents="true"
213-->[com.google.firebase:firebase-auth:22.3.1] AndroidManifest.xml:31:13-46
214            android:exported="true"
214-->[com.google.firebase:firebase-auth:22.3.1] AndroidManifest.xml:32:13-36
215            android:launchMode="singleTask"
215-->[com.google.firebase:firebase-auth:22.3.1] AndroidManifest.xml:33:13-44
216            android:theme="@android:style/Theme.Translucent.NoTitleBar" >
216-->[com.google.firebase:firebase-auth:22.3.1] AndroidManifest.xml:34:13-72
217            <intent-filter>
217-->[com.google.firebase:firebase-auth:22.3.1] AndroidManifest.xml:35:13-45:29
218                <action android:name="android.intent.action.VIEW" />
218-->src\main\AndroidManifest.xml:51:17-69
218-->src\main\AndroidManifest.xml:51:25-66
219
220                <category android:name="android.intent.category.DEFAULT" />
220-->src\main\AndroidManifest.xml:52:17-76
220-->src\main\AndroidManifest.xml:52:27-73
221                <category android:name="android.intent.category.BROWSABLE" />
221-->src\main\AndroidManifest.xml:53:17-78
221-->src\main\AndroidManifest.xml:53:27-75
222
223                <data
223-->src\main\AndroidManifest.xml:54:17-101
224                    android:host="firebase.auth"
224-->src\main\AndroidManifest.xml:54:60-98
225                    android:path="/"
226                    android:scheme="genericidp" />
226-->src\main\AndroidManifest.xml:54:23-59
227            </intent-filter>
228        </activity>
229        <activity
229-->[com.google.firebase:firebase-auth:22.3.1] AndroidManifest.xml:47:9-64:20
230            android:name="com.google.firebase.auth.internal.RecaptchaActivity"
230-->[com.google.firebase:firebase-auth:22.3.1] AndroidManifest.xml:48:13-79
231            android:excludeFromRecents="true"
231-->[com.google.firebase:firebase-auth:22.3.1] AndroidManifest.xml:49:13-46
232            android:exported="true"
232-->[com.google.firebase:firebase-auth:22.3.1] AndroidManifest.xml:50:13-36
233            android:launchMode="singleTask"
233-->[com.google.firebase:firebase-auth:22.3.1] AndroidManifest.xml:51:13-44
234            android:theme="@android:style/Theme.Translucent.NoTitleBar" >
234-->[com.google.firebase:firebase-auth:22.3.1] AndroidManifest.xml:52:13-72
235            <intent-filter>
235-->[com.google.firebase:firebase-auth:22.3.1] AndroidManifest.xml:53:13-63:29
236                <action android:name="android.intent.action.VIEW" />
236-->src\main\AndroidManifest.xml:51:17-69
236-->src\main\AndroidManifest.xml:51:25-66
237
238                <category android:name="android.intent.category.DEFAULT" />
238-->src\main\AndroidManifest.xml:52:17-76
238-->src\main\AndroidManifest.xml:52:27-73
239                <category android:name="android.intent.category.BROWSABLE" />
239-->src\main\AndroidManifest.xml:53:17-78
239-->src\main\AndroidManifest.xml:53:27-75
240
241                <data
241-->src\main\AndroidManifest.xml:54:17-101
242                    android:host="firebase.auth"
242-->src\main\AndroidManifest.xml:54:60-98
243                    android:path="/"
244                    android:scheme="recaptcha" />
244-->src\main\AndroidManifest.xml:54:23-59
245            </intent-filter>
246        </activity>
247
248        <service
248-->[com.google.android.datatransport:transport-backend-cct:3.1.9] AndroidManifest.xml:28:9-34:19
249            android:name="com.google.android.datatransport.runtime.backends.TransportBackendDiscovery"
249-->[com.google.android.datatransport:transport-backend-cct:3.1.9] AndroidManifest.xml:29:13-103
250            android:exported="false" >
250-->[com.google.android.datatransport:transport-backend-cct:3.1.9] AndroidManifest.xml:30:13-37
251            <meta-data
251-->[com.google.android.datatransport:transport-backend-cct:3.1.9] AndroidManifest.xml:31:13-33:39
252                android:name="backend:com.google.android.datatransport.cct.CctBackendFactory"
252-->[com.google.android.datatransport:transport-backend-cct:3.1.9] AndroidManifest.xml:32:17-94
253                android:value="cct" />
253-->[com.google.android.datatransport:transport-backend-cct:3.1.9] AndroidManifest.xml:33:17-36
254        </service> <!-- Needs to be explicitly declared on P+ -->
255        <uses-library
255-->[com.google.android.gms:play-services-maps:18.2.0] AndroidManifest.xml:39:9-41:40
256            android:name="org.apache.http.legacy"
256-->[com.google.android.gms:play-services-maps:18.2.0] AndroidManifest.xml:40:13-50
257            android:required="false" />
257-->[com.google.android.gms:play-services-maps:18.2.0] AndroidManifest.xml:41:13-37
258
259        <activity
259-->[com.google.android.gms:play-services-auth:20.7.0] AndroidManifest.xml:23:9-27:75
260            android:name="com.google.android.gms.auth.api.signin.internal.SignInHubActivity"
260-->[com.google.android.gms:play-services-auth:20.7.0] AndroidManifest.xml:24:13-93
261            android:excludeFromRecents="true"
261-->[com.google.android.gms:play-services-auth:20.7.0] AndroidManifest.xml:25:13-46
262            android:exported="false"
262-->[com.google.android.gms:play-services-auth:20.7.0] AndroidManifest.xml:26:13-37
263            android:theme="@android:style/Theme.Translucent.NoTitleBar" />
263-->[com.google.android.gms:play-services-auth:20.7.0] AndroidManifest.xml:27:13-72
264        <!--
265            Service handling Google Sign-In user revocation. For apps that do not integrate with
266            Google Sign-In, this service will never be started.
267        -->
268        <service
268-->[com.google.android.gms:play-services-auth:20.7.0] AndroidManifest.xml:33:9-37:51
269            android:name="com.google.android.gms.auth.api.signin.RevocationBoundService"
269-->[com.google.android.gms:play-services-auth:20.7.0] AndroidManifest.xml:34:13-89
270            android:exported="true"
270-->[com.google.android.gms:play-services-auth:20.7.0] AndroidManifest.xml:35:13-36
271            android:permission="com.google.android.gms.auth.api.signin.permission.REVOCATION_NOTIFICATION"
271-->[com.google.android.gms:play-services-auth:20.7.0] AndroidManifest.xml:36:13-107
272            android:visibleToInstantApps="true" />
272-->[com.google.android.gms:play-services-auth:20.7.0] AndroidManifest.xml:37:13-48
273
274        <activity
274-->[com.google.android.gms:play-services-base:18.0.1] AndroidManifest.xml:20:9-22:45
275            android:name="com.google.android.gms.common.api.GoogleApiActivity"
275-->[com.google.android.gms:play-services-base:18.0.1] AndroidManifest.xml:20:19-85
276            android:exported="false"
276-->[com.google.android.gms:play-services-base:18.0.1] AndroidManifest.xml:22:19-43
277            android:theme="@android:style/Theme.Translucent.NoTitleBar" />
277-->[com.google.android.gms:play-services-base:18.0.1] AndroidManifest.xml:21:19-78
278
279        <provider
279-->[com.google.firebase:firebase-common:20.4.2] AndroidManifest.xml:23:9-28:39
280            android:name="com.google.firebase.provider.FirebaseInitProvider"
280-->[com.google.firebase:firebase-common:20.4.2] AndroidManifest.xml:24:13-77
281            android:authorities="cm.codingmindstemplate.firebaseinitprovider"
281-->[com.google.firebase:firebase-common:20.4.2] AndroidManifest.xml:25:13-72
282            android:directBootAware="true"
282-->[com.google.firebase:firebase-common:20.4.2] AndroidManifest.xml:26:13-43
283            android:exported="false"
283-->[com.google.firebase:firebase-common:20.4.2] AndroidManifest.xml:27:13-37
284            android:initOrder="100" />
284-->[com.google.firebase:firebase-common:20.4.2] AndroidManifest.xml:28:13-36
285
286        <meta-data
286-->[com.google.android.gms:play-services-basement:18.2.0] AndroidManifest.xml:21:9-23:69